This is LuaTeX, Version beta-0.76.0-2013061817 (rev 4627)  (format=lualatex 2014.2.25)  7 MAR 2014 11:38
 restricted \write18 enabled.
 file:line:error style messages enabled.
**\nonstopmode \input /Users/takahashi/Dropbox/Works/2014_B_kr_共立R本/draft
/sample/animation-knit/norm-dist.tex

(/Users/takahashi/Dropbox/Works/2014_B_kr_共立R本/draft/sample/animation-kni
t/norm-dist.tex
(/usr/local/texlive/2013/texmf-dist/tex/luatex/luatexja/ltjsarticle.cls
Document Class: ltjsarticle 2014/01/13 
(/usr/local/texlive/2013/texmf-dist/tex/luatex/luatexja/luatexja.sty
Package: luatexja 2013/05/14 Japanese Typesetting with LuaTeX

(/usr/local/texlive/2013/texmf-dist/tex/luatex/luatexja/ltj-unicode-ccfix.tex
and category codes)
(/usr/local/texlive/2013/texmf-dist/tex/luatex/luatexja/luatexja-core.sty
Package: luatexja-core 2014/02/01 Core of LuaTeX-ja

(/usr/local/texlive/2013/texmf-dist/tex/luatex/luaotfload/luaotfload.sty
Package: luaotfload 2014/02/05 v2.4-3 OpenType layout system

(/usr/local/texlive/2013/texmf-dist/tex/luatex/luatexbase/luatexbase.sty
Package: luatexbase 2013/05/11 v0.6 Resource management for the LuaTeX macro pro
grammer

(/usr/local/texlive/2013/texmf-dist/tex/generic/oberdiek/ifluatex.sty
Package: ifluatex 2010/03/01 v1.3 Provides the ifluatex switch (HO)
Package ifluatex Info: LuaTeX detected.
)
(/usr/local/texlive/2013/texmf-dist/tex/generic/oberdiek/luatex.sty
Package: luatex 2010/03/09 v0.4 LuaTeX basic definition package (HO)

(/usr/local/texlive/2013/texmf-dist/tex/generic/oberdiek/infwarerr.sty
Package: infwarerr 2010/04/08 v1.3 Providing info/warning/error messages (HO)
)
(/usr/local/texlive/2013/texmf-dist/tex/latex/etex-pkg/etex.sty
Package: etex 1998/03/26 v2.0 eTeX basic definition package (PEB)
\et@xins=\count79
)
\LuT@AllocAttribute=\count277
\LuT@AllocCatcodeTable=\count278
\CatcodeTableStack=\count279
\CatcodeTableIniTeX=\catcodetable1
\CatcodeTableString=\catcodetable3
\CatcodeTableOther=\catcodetable5
\CatcodeTableLaTeX=\catcodetable7

(/usr/local/texlive/2013/texmf-dist/tex/generic/oberdiek/luatex-loader.sty
Package: luatex-loader 2010/03/09 v0.4 Lua module loader (HO)

(/usr/local/texlive/2013/texmf-dist/scripts/oberdiek/oberdiek.luatex.lua)))
(/usr/local/texlive/2013/texmf-dist/tex/luatex/luatexbase/luatexbase-compat.sty
Package: luatexbase-compat 2011/05/24 v0.4 Compatibility tools for LuaTeX
)
(/usr/local/texlive/2013/texmf-dist/tex/luatex/luatexbase/luatexbase-modutils.s
ty
Package: luatexbase-modutils 2013/05/11 v0.6 Module utilities for LuaTeX

(/usr/local/texlive/2013/texmf-dist/tex/luatex/luatexbase/luatexbase-loader.sty
Package: luatexbase-loader 2013/05/11 v0.6 Lua module loader for LuaTeX
(/usr/local/texlive/2013/texmf-dist/tex/luatex/luatexbase/luatexbase.loader.lua)
)
(/usr/local/texlive/2013/texmf-dist/tex/luatex/luatexbase/modutils.lua)
Lua module: luatexbase-modutils 2013/05/11 0.6 Module utilities for LuaTeX
)
(/usr/local/texlive/2013/texmf-dist/tex/luatex/luatexbase/luatexbase-regs.sty
Package: luatexbase-regs 2011/05/24 v0.4 Registers allocation for LuaTeX
)
(/usr/local/texlive/2013/texmf-dist/tex/luatex/luatexbase/luatexbase-attr.sty
Package: luatexbase-attr 2013/05/11 v0.6 Attributes allocation for LuaTeX

(/usr/local/texlive/2013/texmf-dist/tex/luatex/luatexbase/attr.lua)
Lua module: luatexbase-attr 2013/05/11 0.6 Attributes allocation for LuaTeX
\lltxb@attr@unsetvalue=\count280
)
(/usr/local/texlive/2013/texmf-dist/tex/luatex/luatexbase/luatexbase-cctb.sty
Package: luatexbase-cctb 2013/05/11 v0.6 Catcodetable allocation for LuaTeX

(/usr/local/texlive/2013/texmf-dist/tex/luatex/luatexbase/cctb.lua)
Lua module: luatexbase-cctb 2013/05/11 0.6 Catcodetable allocation for LuaTeX
\lltxb@catcodetable@alloc=\count281
\CatcodeTableStack=\count282
\CatcodeTableIniTeX=\luatexcatcodetable1
\CatcodeTableString=\luatexcatcodetable3
\CatcodeTableOther=\luatexcatcodetable5
\CatcodeTableLaTeX=\luatexcatcodetable7
\CatcodeTableLaTeXAtLetter=\luatexcatcodetable9
\CatcodeTableExpl=\luatexcatcodetable11
)
(/usr/local/texlive/2013/texmf-dist/tex/luatex/luatexbase/luatexbase-mcb.sty
Package: luatexbase-mcb 2013/05/11 v0.6 Callback management for LuaTeX

(/usr/local/texlive/2013/texmf-dist/tex/luatex/luatexbase/mcb.lua)
Lua module: luatexbase-mcb 2013/05/11 0.6 register several functions in a callba
ck
))
(/usr/local/texlive/2013/texmf-dist/tex/luatex/luaotfload/luaotfload.lua)
Lua module: luaotfload 2014/02/05 2.40004 OpenType layout system.
luaotfload: push namespace for font loader
(/usr/local/texlive/2013/texmf-dist/tex/luatex/luaotfload/luaotfload-fontloader.
lua)(using write cache: /Users/takahashi/Library/texlive/2013/texmf-var/luatex-c
ache/generic)(using read cache: /usr/local/texlive/2013/texmf-var/luatex-cache/g
eneric /Users/takahashi/Library/texlive/2013/texmf-var/luatex-cache/generic)
luatexbase-attr: luatexbase.attributes["luaotfload@kernpair"] = 1
luatexbase-attr: luatexbase.attributes["luaotfload@ligacomp"] = 2
luatexbase-attr: luatexbase.attributes["luaotfload@markbase"] = 3
luatexbase-attr: luatexbase.attributes["luaotfload@markmark"] = 4
luatexbase-attr: luatexbase.attributes["luaotfload@markdone"] = 5
luatexbase-attr: luatexbase.attributes["luaotfload@cursbase"] = 6
luatexbase-attr: luatexbase.attributes["luaotfload@curscurs"] = 7
luatexbase-attr: luatexbase.attributes["luaotfload@cursdone"] = 8
luatexbase-attr: luatexbase.attributes["luaotfload@state"] = 9
luaotfload: "I am using the merged version of 'luaotfload.lua' here.
luaotfload:  If you run into problems or experience unexpected
luaotfload:  behaviour, and if you have ConTeXt installed you can try
luaotfload:  to delete the file 'luaotfload-merged.lua' as I might
luaotfload:  then use the possibly updated libraries. The merged
luaotfload:  version is not supported as it is a frozen instance.
luaotfload:  Problems can be reported to the ConTeXt mailing list."
luaotfload: pop namespace from font loader -- non-destructive
luaotfload: fontloader loaded in 0.024 seconds
luatexbase-mcb: inserting 'luaotfload.node_processor'
at position 1 in 'pre_linebreak_filter'
luatexbase-mcb: inserting 'luaotfload.node_processor'
at position 1 in 'hpack_filter'
luatexbase-mcb: inserting 'luaotfload.find_vf_file'
at position 1 in 'find_vf_file'
(/usr/local/texlive/2013/texmf-dist/tex/luatex/luaotfload/luaotfload-override.lu
a)
(/usr/local/texlive/2013/texmf-dist/tex/luatex/luaotfload/luaotfload-loaders.lua
)
(/usr/local/texlive/2013/texmf-dist/tex/luatex/luaotfload/luaotfload-database.lu
a)
luaotfload | db : Shell escape disabled or tput executable missing.
luaotfload | db : Assuming 79 cols terminal width.
luaotfload | db : Root cache directory is /Users/takahashi/Library/texlive/2013/
texmf-var/luatex-cache/generic/names.
luaotfload | cache : Caching of name: lookups active.
(/usr/local/texlive/2013/texmf-dist/tex/luatex/luaotfload/luaotfload-colors.lua)
luatexbase-mcb: creating 'luaotfload.resolve_font' type 4
luatexbase-mcb: creating 'luaotfload.patch_font' type 4
luatexbase-mcb: resetting callback 'define_font'
luatexbase-mcb: inserting 'luaotfload.define_font'
at position 1 in 'define_font'
(/usr/local/texlive/2013/texmf-dist/tex/luatex/luaotfload/luaotfload-features.lu
a)
(/usr/local/texlive/2013/texmf-dist/tex/luatex/luaotfload/luaotfload-letterspace
.lua)
(/usr/local/texlive/2013/texmf-dist/tex/luatex/luaotfload/luaotfload-auxiliary.l
ua)
luatexbase-mcb: inserting 'luaotfload.aux.set_sscale_dimens'
at position 1 in 'luaotfload.patch_font'
luatexbase-mcb: inserting 'luaotfload.aux.patch_cambria_domh'
at position 2 in 'luaotfload.patch_font'
luatexbase-mcb: inserting 'luaotfload.aux.set_capheight'
at position 3 in 'luaotfload.patch_font'
luatexbase-mcb: inserting 'luaotfload.rewrite_fontname'
at position 4 in 'luaotfload.patch_font'
luaotfload | aux : start rewriting tfmdata.name field) (/usr/local/texlive/2013
/texmf-dist/tex/generic/oberdiek/ltxcmds.sty
Package: ltxcmds 2011/11/09 v1.22 LaTeX kernel commands for general use (HO)
)
(/usr/local/texlive/2013/texmf-dist/tex/generic/oberdiek/pdftexcmds.sty
Package: pdftexcmds 2011/11/29 v0.20 Utility functions of pdfTeX for LuaTeX (HO)


(/usr/local/texlive/2013/texmf-dist/tex/generic/oberdiek/ifpdf.sty
Package: ifpdf 2011/01/30 v2.3 Provides the ifpdf switch (HO)
Package ifpdf Info: pdfTeX in PDF mode is detected.
)
Package pdftexcmds Info: \pdf@primitive is available.
Package pdftexcmds Info: \pdf@ifprimitive is available.
Package pdftexcmds Info: \pdfdraftmode found.

(/usr/local/texlive/2013/texmf-dist/scripts/oberdiek/pdftexcmds.lua)
\pdftexcmds@toks=\toks14
)
(/usr/local/texlive/2013/texmf-dist/tex/latex/xkeyval/xkeyval.sty
Package: xkeyval 2012/10/14 v2.6b package option processing (HA)

(/usr/local/texlive/2013/texmf-dist/tex/generic/xkeyval/xkeyval.tex
\XKV@toks=\toks15
\XKV@tempa@toks=\toks16
\XKV@depth=\count283
File: xkeyval.tex 2012/10/14 v2.6b key=value parser (HA)

(/usr/local/texlive/2013/texmf-dist/tex/generic/xkeyval/keyval.tex)))
Package luatexja-core Info: using DIRECT node access model.
\ltj@zw=\dimen256
\ltj@zh=\dimen257
\jQ=\dimen258
\ltj@icflag=\luatexattribute10
\ltj@curjfnt=\luatexattribute11
\ltj@origchar=\luatexattribute12
\ltj@charclass=\luatexattribute13
\ltj@autospc=\luatexattribute14
\ltj@autoxspc=\luatexattribute15
\ltj@yablshift=\luatexattribute16
\ltj@ykblshift=\luatexattribute17
\jfam=\luatexattribute18
\ltj@tempcnta=\count284
\ltj@kcat0=\luatexattribute19
\ltj@kcat1=\luatexattribute20
\ltj@kcat2=\luatexattribute21
\ltj@kcat3=\luatexattribute22
\ltj@kcat4=\luatexattribute23
\ltj@kcat5=\luatexattribute24
\ltj@kcat6=\luatexattribute25

(/usr/local/texlive/2013/texmf-dist/tex/luatex/lualibs/lualibs.lua)
Lua module: lualibs 2013/11/03 2.1 ConTeXt Lua standard libraries.
Lua module: lualibs-extended 2013/11/03 2.1 ConTeXt Lua libraries -- extended co
llection.
luatexbase-attr: new user-defined whatsit 1 (luatexja:inhibitglue)
luatexbase-attr: new user-defined whatsit 2 (luatexja:stack_marker)
luatexbase-attr: new user-defined whatsit 3 (luatexja:begin_par)
(/usr/local/texlive/2013/texmf-dist/tex/luatex/luatexja/ltj-base.lua)
(/usr/local/texlive/2013/texmf-dist/tex/luatex/lualibs/lualibs-lpeg.lua)
(/usr/local/texlive/2013/texmf-dist/tex/luatex/lualibs/lualibs-os.lua)
(/usr/local/texlive/2013/texmf-dist/tex/luatex/luatexja/ltj-rmlgbm.lua)(load cac
he: /Users/takahashi/Library/texlive/2013/texmf-var/luatexja/ltj-cid-auto-adobe-
japan1.luc)
(/usr/local/texlive/2013/texmf-dist/tex/luatex/luatexja/ltj-charrange.lua)
Lua module: luatexja.charrange 2014/01/19  Handling the range of Japanese charac
ters

(/usr/local/texlive/2013/texmf-dist/tex/luatex/luatexja/ltj-jfont.lua)
Lua module: luatexja.jfont 2014/02/01  Loader for Japanese fonts
luatexbase-mcb: creating 'luatexja.load_jfm' type 2
luatexbase-mcb: creating 'luatexja.find_char_class' type 2
luatexbase-mcb: creating 'luatexja.define_jfont' type 2
(/usr/local/texlive/2013/texmf-dist/tex/luatex/luatexja/ltj-inputbuf.lua)
luatexbase-mcb: inserting 'ltj.process_input_buffer'
at position 1 in 'process_input_buffer'
(/usr/local/texlive/2013/texmf-dist/tex/luatex/luatexja/ltj-stack.lua)
Lua module: luatexja.stack 2014/01/24  LuaTeX-ja stack system

(/usr/local/texlive/2013/texmf-dist/tex/luatex/luatexja/ltj-pretreat.lua)
luatexbase-mcb: inserting 'ltj.hyphenate'
at position 1 in 'hyphenate'
luatexbase-mcb: inserting 'ltj.hpack_filter_pre'
at position 1 in 'hpack_filter'
luatexbase-mcb: inserting 'ltj.pre_linebreak_filter_pre'
at position 1 in 'pre_linebreak_filter'
(/usr/local/texlive/2013/texmf-dist/tex/luatex/luatexja/ltj-jfmglue.lua)
Lua module: luatexja.jfmglue 2014/02/02  Insertion process of JFM glues and kanj
iskip
luatexbase-mcb: creating 'luatexja.jfmglue.whatsit_getinfo' type 2
luatexbase-mcb: creating 'luatexja.jfmglue.whatsit_after' type 2
luatexbase-mcb: inserting 'luatexja.beginpar.np_info'
at position 1 in 'luatexja.jfmglue.whatsit_getinfo'
luatexbase-mcb: inserting 'luatexja.beginpar.np_info_after'
at position 1 in 'luatexja.jfmglue.whatsit_after'
(/usr/local/texlive/2013/texmf-dist/tex/luatex/luatexja/ltj-setwidth.lua)
luatexbase-mcb: creating 'luatexja.set_width' type 2
(/usr/local/texlive/2013/texmf-dist/tex/luatex/luatexja/ltj-math.lua)
luatexbase-mcb: inserting 'ltj.mlist_to_hlist'
at position 1 in 'mlist_to_hlist'
(/usr/local/texlive/2013/texmf-dist/tex/luatex/luatexja/ltj-tangle.lua)
Lua module: luatexja.tangle 2011/05/14  
luatexbase-mcb: inserting 'ltj.pre_linebreak_filter'
at position 3 in 'pre_linebreak_filter'
luatexbase-mcb: inserting 'ltj.hpack_filter'
at position 3 in 'hpack_filter'
Module luatexbase-mcb warning: several functions in 'define_font',
(luatexbase-mcb)               only one will be active.
luatexbase-mcb: inserting 'luatexja.font_callback'
at position 1 in 'define_font' (/usr/local/texlive/2013/texmf-dist/tex/luatex/l
uatexja/ltj-base.sty
Package: ltj-base 2013/05/14
\ltj@tempcntb=\count285
\ltj@tempcntc=\count286
\ltj@tempdima=\dimen259
\ltj@tempskipa=\skip256
\ltj@temptoks=\toks17
)
\ltj@@stack=\count287
\ltj@@group@level=\count288

(/usr/local/texlive/2013/texmf-dist/tex/luatex/luatexja/ltj-latex.sty
Package: ltj-latex 2013/05/14 LaTeX support of LuaTeX-ja

(/usr/local/texlive/2013/texmf-dist/tex/luatex/luatexja/patches/lltjfont.sty
Package: lltjfont 2014/01/23 Patch to NFSS2 for LuaTeX-ja
\Cht=\dimen260
\cht=\dimen261
\Cdp=\dimen262
\cdp=\dimen263
\Cwd=\dimen264
\cwd=\dimen265
\Cvs=\dimen266
\cvs=\dimen267
\Chs=\dimen268
\chs=\dimen269
\cHT=\dimen270
\tstrutbox=\box256
\zstrutbox=\box257
LaTeX Info: Redefining \selectfont on input line 259.
\adjust@box=\box258
\adjust@dimen=\dimen271
LaTeX Info: Redefining \fontencoding on input line 377.
LaTeX Info: Redefining \fontfamily on input line 421.
LaTeX Info: Redefining \fontseries on input line 475.
LaTeX Info: Redefining \fontshape on input line 478.
LaTeX Info: Redefining \normalfont on input line 490.
)
(/usr/local/texlive/2013/texmf-dist/tex/luatex/luatexja/patches/lltjdefs.sty
Package: lltjdefs 2013/06/12 Default font settings of LuaTeX-ja
LaTeX Font Info:    Font shape `JY3/mc/m/n' will be
(Font)              scaled to size 9.6222pt on input line 34.
luaotfload | db : Font names database loaded
(/usr/local/texlive/2013/texmf-dist/tex/luatex/luatexja/jfm-ujis.lua)
luaotfload | load : auto-selecting default features for script: dflt
\symmincho=\mathgroup4
LaTeX Font Info:    Overwriting symbol font `mincho' in version `bold'
(Font)                  JY3/mc/m/n --> JY3/gt/m/n on input line 43.
)
(/usr/local/texlive/2013/texmf-dist/tex/luatex/luatexja/patches/lltjcore.sty
Package: lltjcore 2013/05/14 Patch to LaTeX2e Kernel for LuaTeX-ja
\@tombowwidth=\dimen272
\@TL=\box259
\@Tl=\box260
\@TC=\box261
\@TR=\box262
\@Tr=\box263
\@BL=\box264
\@Bl=\box265
\@BC=\box266
\@BR=\box267
\@Br=\box268
\@CL=\box269
\@CR=\box270
luaotfload | load : auto-selecting default features for script: dflt
\@bannertoken=\toks18
\@@paperheight=\dimen273
\@@paperwidth=\dimen274
\@@topmargin=\dimen275
\hour=\count289
\minute=\count290
))
\ltj@temp@cctb=\luatexcatcodetable13
) (/usr/local/texlive/2013/texmf-dist/tex/luatex/luatexja/luatexja-compat.sty
Package: luatexja-compat 2013/12/22 Compatibility with pTeX

(/usr/local/texlive/2013/texmf-dist/tex/luatex/luatexja/ltj-compat.lua)(load cac
he: /Users/takahashi/Library/texlive/2013/texmf-var/luatexja/ltj-jisx0208.luc)
\hour=\count291
\minute=\count292
))
LaTeX Info: Redefining \rmfamily on input line 315.
LaTeX Info: Redefining \sffamily on input line 318.
LaTeX Info: Redefining \ttfamily on input line 321.
LaTeX Font Info:    Font shape `JY3/mc/m/n' will be
(Font)              scaled to size 9.24866pt on input line 377.
\fullwidth=\dimen276
LaTeX Font Info:    Font shape `JY3/mc/m/n' will be
(Font)              scaled to size 7.39893pt on input line 516.
luaotfload | load : auto-selecting default features for script: dflt
\c@part=\count293
\c@section=\count294
\c@subsection=\count295
\c@subsubsection=\count296
\c@paragraph=\count297
\c@subparagraph=\count298
\@abstractbox=\box271
\c@figure=\count299
\c@table=\count300
\abovecaptionskip=\skip257
\belowcaptionskip=\skip258
LaTeX Info: Redefining \mc on input line 1116.
LaTeX Info: Redefining \gt on input line 1117.
\js@tocl@width=\dimen277
\@lnumwidth=\dimen278
\bibindent=\dimen279
LaTeX Info: Redefining \TeX on input line 1450.
LaTeX Info: Redefining \LaTeX on input line 1476.
LaTeX Info: Redefining \LaTeXe on input line 1501.
\heisei=\count301
) (/usr/local/texlive/2013/texmf-dist/tex/latex/graphics/graphicx.sty
Package: graphicx 1999/02/16 v1.0f Enhanced LaTeX Graphics (DPC,SPQR)

(/usr/local/texlive/2013/texmf-dist/tex/latex/graphics/graphics.sty
Package: graphics 2009/02/05 v1.0o Standard LaTeX Graphics (DPC,SPQR)

(/usr/local/texlive/2013/texmf-dist/tex/latex/graphics/trig.sty
Package: trig 1999/03/16 v1.09 sin cos tan (DPC)
)
(/usr/local/texlive/2013/texmf-dist/tex/latex/latexconfig/graphics.cfg
File: graphics.cfg 2010/04/23 v1.9 graphics configuration of TeX Live
)
Package graphics Info: Driver file: pdftex.def on input line 91.

(/usr/local/texlive/2013/texmf-dist/tex/latex/pdftex-def/pdftex.def
File: pdftex.def 2011/05/27 v0.06d Graphics/color for pdfTeX
\Gread@gobject=\count302
))
\Gin@req@height=\dimen280
\Gin@req@width=\dimen281
)
(/usr/local/texlive/2013/texmf-dist/tex/latex/graphics/color.sty
Package: color 2005/11/14 v1.0j Standard LaTeX Color (DPC)

(/usr/local/texlive/2013/texmf-dist/tex/latex/latexconfig/color.cfg
File: color.cfg 2007/01/18 v1.5 color configuration of teTeX/TeXLive
)
Package color Info: Driver file: pdftex.def on input line 130.
)
(/usr/local/texlive/2013/texmf-dist/tex/latex/framed/framed.sty
Package: framed 2011/10/22 v 0.96: framed or shaded text with page breaks
\OuterFrameSep=\skip259
\fb@frw=\dimen282
\fb@frh=\dimen283
\FrameRule=\dimen284
\FrameSep=\dimen285
)
(/usr/local/texlive/2013/texmf-dist/tex/latex/base/alltt.sty
Package: alltt 1997/06/16 v2.0g defines alltt environment
)
(/usr/local/texlive/2013/texmf-dist/tex/latex/animate/animate.sty
Package: animate 2014/02/11 PDF animations from files and inline graphics

(/usr/local/texlive/2013/texmf-dist/tex/latex/base/ifthen.sty
Package: ifthen 2001/05/26 v1.1c Standard LaTeX ifthen package (DPC)
)
(/usr/local/texlive/2013/texmf-dist/tex/latex/oberdiek/ifdraft.sty
Package: ifdraft 2008/08/11 v1.3 Detect class options draft and final (HO)
)
(/usr/local/texlive/2013/texmf-dist/tex/latex/tools/calc.sty
Package: calc 2007/08/22 v4.3 Infix arithmetic (KKT,FJ)
\calc@Acount=\count303
\calc@Bcount=\count304
\calc@Adimen=\dimen286
\calc@Bdimen=\dimen287
\calc@Askip=\skip260
\calc@Bskip=\skip261
LaTeX Info: Redefining \setlength on input line 76.
LaTeX Info: Redefining \addtolength on input line 77.
\calc@Ccount=\count305
\calc@Cskip=\skip262
)
(/usr/local/texlive/2013/texmf-dist/tex/latex/animate/animfp.sty
Package: animfp 2009/07/23 fixed point addition for animate.sty
\afp@xs=\count306
\afp@xia=\count307
\afp@xib=\count308
\afp@xfa=\count309
\afp@xfb=\count310
\afp@rega=\count311
\afp@regb=\count312
\afp@regs=\count313
)
(/usr/local/texlive/2013/texmf-dist/tex/context/base/supp-pdf.mkii
[Loading MPS to PDF converter (version 2006.09.02).]
\scratchcounter=\count314
\scratchdimen=\dimen288
\scratchbox=\box272
\nofMPsegments=\count315
\nofMParguments=\count316
\everyMPshowfont=\toks19
\MPscratchCnt=\count317
\MPscratchDim=\dimen289
\MPnumerator=\count318
\makeMPintoPDFobject=\count319
\everyMPtoPDFconversion=\toks20
)
\@anim@box=\box273
\@anim@tmpdima=\dimen290
\@anim@tmpdimb=\dimen291
\@anim@num=\count320
\@anim@curframe=\count321
\@anim@curframe@zb=\count322
\@anim@resize=\count323
\@anim@skipfram=\count324
\@anim@mulframecnt=\count325
\@anim@@tmlnfile=\read1
\@anim@tmpcnt=\count326
\c@@anim@ltxcnt=\count327
\@anim@curlayer=\count328
\@anim@lineno=\count329
\@anim@curfield=\count330
\@anim@begin=\toks21
\@anim@end=\toks22
) (/usr/local/texlive/2013/texmf-dist/tex/latex/upquote/upquote.sty
Package: upquote 2012/04/19 v1.3 upright-quote and grave-accent glyphs in verbat
im
)
(./norm-dist.aux)
LaTeX Font Info:    Checking defaults for OML/cmm/m/it on input line 60.
LaTeX Font Info:    ... okay on input line 60.
LaTeX Font Info:    Checking defaults for T1/cmr/m/n on input line 60.
LaTeX Font Info:    ... okay on input line 60.
LaTeX Font Info:    Checking defaults for OT1/cmr/m/n on input line 60.
LaTeX Font Info:    ... okay on input line 60.
LaTeX Font Info:    Checking defaults for OMS/cmsy/m/n on input line 60.
LaTeX Font Info:    ... okay on input line 60.
LaTeX Font Info:    Checking defaults for OMX/cmex/m/n on input line 60.
LaTeX Font Info:    ... okay on input line 60.
LaTeX Font Info:    Checking defaults for U/cmr/m/n on input line 60.
LaTeX Font Info:    ... okay on input line 60.
LaTeX Font Info:    Checking defaults for JY3/mc/m/n on input line 60.
LaTeX Font Info:    ... okay on input line 60.
 (I search kanjifont definition file: jy3cmr.fd)
(/usr/local/texlive/2013/texmf-dist/tex/latex/oberdiek/epstopdf-base.sty
Package: epstopdf-base 2010/02/09 v2.5 Base part for package epstopdf

(/usr/local/texlive/2013/texmf-dist/tex/latex/oberdiek/grfext.sty
Package: grfext 2010/08/19 v1.1 Manage graphics extensions (HO)

(/usr/local/texlive/2013/texmf-dist/tex/generic/oberdiek/kvdefinekeys.sty
Package: kvdefinekeys 2011/04/07 v1.3 Define keys (HO)
))
(/usr/local/texlive/2013/texmf-dist/tex/latex/oberdiek/kvoptions.sty
Package: kvoptions 2011/06/30 v3.11 Key value format for package options (HO)

(/usr/local/texlive/2013/texmf-dist/tex/generic/oberdiek/kvsetkeys.sty
Package: kvsetkeys 2012/04/25 v1.16 Key value parser (HO)

(/usr/local/texlive/2013/texmf-dist/tex/generic/oberdiek/etexcmds.sty
Package: etexcmds 2011/02/16 v1.5 Avoid name clashes with e-TeX commands (HO)
)))
Package grfext Info: Graphics extension search list:
(grfext)             [.png,.pdf,.jpg,.mps,.jpeg,.jbig2,.jb2,.PNG,.PDF,.JPG,.JPEG
,.JBIG2,.JB2,.eps]
(grfext)             \AppendGraphicsExtensions on input line 452.

(/usr/local/texlive/2013/texmf-dist/tex/latex/latexconfig/epstopdf-sys.cfg
File: epstopdf-sys.cfg 2010/07/13 v1.3 Configuration of (r)epstopdf for TeX Live

))
LaTeX Font Info:    Font shape `JY3/mc/m/n' will be
(Font)              scaled to size 15.98167pt on input line 61.
luaotfload | load : auto-selecting default features for script: dflt
LaTeX Font Info:    Font shape `JY3/mc/m/n' will be
(Font)              scaled to size 11.09839pt on input line 61.
luaotfload | load : auto-selecting default features for script: dflt
luaotfload | load : auto-selecting default features for script: dflt
luaotfload | load : auto-selecting default features for script: dflt
luaotfload | load : auto-selecting default features for script: dflt
luaotfload | load : auto-selecting default features for script: dflt
luaotfload | load : auto-selecting default features for script: dflt
luaotfload | load : auto-selecting default features for script: dflt
luaotfload | load : auto-selecting default features for script: dflt
LaTeX Font Info:    External font `cmex10' loaded for size
(Font)              <12> on input line 61.
luaotfload | load : auto-selecting default features for script: dflt
LaTeX Font Info:    External font `cmex10' loaded for size
(Font)              <8> on input line 61.
luaotfload | load : auto-selecting default features for script: dflt
LaTeX Font Info:    External font `cmex10' loaded for size
(Font)              <6> on input line 61.
luaotfload | load : auto-selecting default features for script: dflt
LaTeX Font Info:    Font shape `JY3/mc/m/n' will be
(Font)              scaled to size 5.5492pt on input line 61.
Package color Info: Redefining color shadecolor on input line 68.
 <./figure/norm-dist-fig1.pdf> <./figure/norm-dist-fig2.pdf> <./figure/norm-dist
-fig3.pdf> <./figure/norm-dist-fig4.pdf> <./figure/norm-dist-fig5.pdf> <./figure
/norm-dist-fig6.pdf>
\@anim@@fields=\count331
LaTeX Font Info:    Font shape `JY3/mc/m/n' will be
(Font)              scaled to size 8.32379pt on input line 78.
luaotfload | load : auto-selecting default features for script: dflt
Package color Info: Redefining color shadecolor on input line 85.
LaTeX Font Info:    Font shape `JY3/gt/m/n' will be
(Font)              scaled to size 9.24866pt on input line 86.
luaotfload | load : auto-selecting default features for script: dflt
LaTeX Font Info:    Font shape `JY3/gt/bx/n' in size <10> not available
(Font)              Font shape `JY3/gt/m/n' tried instead on input line 87.
LaTeX Font Info:    Font shape `JY3/gt/m/n' will be
(Font)              scaled to size 9.24866pt on input line 87.
LaTeX Font Info:    Font shape `OT1/cmtt/bx/n' in size <10> not available
(Font)              Font shape `OT1/cmtt/m/n' tried instead on input line 87.
luaotfload | load : auto-selecting default features for script: dflt
luaotfload | load : auto-selecting default features for script: dflt [1

{/usr/local/texlive/2013/texmf-var/fonts/map/pdftex/updmap/pdftex.map}] (./norm
-dist.aux) )

Here is how much of LuaTeX's memory you used:
 3575 strings out of 494698
 100000,154059 words of node,token memory allocated
 3556 words of node memory still in use:
   6 hlist, 1 vlist, 3 rule, 3 glue, 22 kern, 2 glyph, 331 attribute, 643 glue_s
pec, 21 attribute_list, 1 write nodes
   avail lists: 2:9798,3:70,4:384,5:14,6:253,7:30,8:20,9:66,10:11
 6967 multiletter control sequences out of 65536+600000
 39 fonts using 33476359 bytes
 58i,6n,59p,440b,450s stack positions out of 5000i,500n,10000p,200000b,100000s
</usr/local/texlive/2013/texmf-dist/fonts/type1/public/amsfonts/cm/cmr10.pfb></u
sr/local/texlive/2013/texmf-dist/fonts/type1/public/amsfonts/cm/cmr12.pfb></usr/
local/texlive/2013/texmf-dist/fonts/type1/public/amsfonts/cm/cmr17.pfb></usr/loc
al/texlive/2013/texmf-dist/fonts/type1/public/amsfonts/cm/cmr9.pfb></usr/local/t
exlive/2013/texmf-dist/fonts/type1/public/amsfonts/cm/cmtt10.pfb>
Output written on norm-dist.pdf (1 page, 83623 bytes).

PDF statistics: 167 PDF objects out of 1000 (max. 8388607)
 117 compressed objects within 2 object streams
 0 named destinations out of 1000 (max. 131072)
 138 words of extra memory for PDF output out of 10000 (max. 10000000)

